<?xml version="1.0" encoding="UTF-8"?>
<!-- Generated by org.testng.reporters.JUnitReportReporter -->
<testsuite skipped="0" hostname="DESKTOP-H5NOQRE" name="org.test.PacificairTesting" tests="1" failures="0" timestamp="01 Dec 2022 10:25:04 GMT" time="0.005" errors="0">
  <testcase name="test" time="0.005" classname="org.test.PacificairTesting"/>
</testsuite> <!-- org.test.PacificairTesting -->
