<?xml version="1.0" encoding="UTF-8"?>
<!-- Generated by org.testng.reporters.JUnitReportReporter -->
<testsuite skipped="0" hostname="DESKTOP-H5NOQRE" name="org.test.PacificairTesting" tests="4" failures="0" timestamp="05 Dec 2022 14:06:46 GMT" time="39.892" errors="0">
  <testcase name="loginMethod" time="10.534" classname="org.test.PacificairTesting"/>
  <testcase name="manageChkModule" time="10.607" classname="org.test.PacificairTesting"/>
  <testcase name="manageBookModule" time="10.296" classname="org.test.PacificairTesting"/>
  <testcase name="manageFlightStatus" time="8.455" classname="org.test.PacificairTesting"/>
</testsuite> <!-- org.test.PacificairTesting -->
