<?xml version="1.0" encoding="UTF-8"?>
<!-- Generated by org.testng.reporters.JUnitReportReporter -->
<testsuite skipped="0" hostname="DESKTOP-IJ7P4Q1" name="org.test.BookTesting" tests="1" failures="0" timestamp="03 Dec 2022 11:42:47 GMT" time="26.009" errors="0">
  <testcase name="Book1" time="26.009" classname="org.test.BookTesting"/>
</testsuite> <!-- org.test.BookTesting -->
