<?xml version="1.0" encoding="UTF-8"?>
<!-- Generated by org.testng.reporters.JUnitReportReporter -->
<testsuite skipped="0" hostname="DESKTOP-IJ7P4Q1" name="org.test.PacificairTesting" tests="1" failures="0" timestamp="03 Dec 2022 09:20:56 GMT" time="23.989" errors="0">
  <testcase name="Book1" time="23.989" classname="org.test.PacificairTesting"/>
</testsuite> <!-- org.test.PacificairTesting -->